
=== Wed Apr 10 11:00:14 2019

Packages were changed.
Update Mode: updateDependencies

The following packages were added:
  com.unity.2d.tilemap@1.0.0
  com.unity.timeline@1.0.0
  com.unity.2d.sprite@1.0.0
  com.unity.modules.androidjni@1.0.0
The following packages were updated:
  com.unity.analytics from version 3.0.9 to 3.2.2
  com.unity.collab-proxy from version 1.2.9 to 1.2.16
  com.unity.package-manager-ui from version 2.1.0-preview.1 to 2.2.0
  com.unity.postprocessing from version 2.0.16-preview to 2.1.2
  com.unity.purchasing from version 2.0.1 to 2.0.6

=== Fri Jul 19 12:36:25 2019

Packages were changed.
Update Mode: updateDependencies

The following packages were added:
  com.unity.ide.vscode@1.0.7
  com.unity.ide.visualstudio@1.0.11
  com.unity.ide.rider@1.0.8
  com.unity.ugui@1.0.0
The following packages were updated:
  com.unity.analytics from version 3.2.2 to 3.3.2
  com.unity.textmeshpro from version 1.3.0 to 2.0.1
  com.unity.timeline from version 1.0.0 to 1.1.0
  com.unity.xr.legacyinputhelpers from version 1.0.0 to 2.0.2

=== Sun Feb  7 23:50:43 2021

Packages were changed.
Update Mode: updateDependencies

The following packages were updated:
  com.unity.analytics from version 3.3.2 to 3.3.5
  com.unity.ide.rider from version 1.0.8 to 1.1.4
  com.unity.ide.vscode from version 1.0.7 to 1.1.4
  com.unity.postprocessing from version 2.1.2 to 2.2.2
  com.unity.render-pipelines.lightweight from version 6.7.1 to 7.1.8
  com.unity.timeline from version 1.1.0 to 1.2.6
The following packages were removed:
  com.unity.package-manager-ui@2.2.0

=== Wed Jun 30 02:15:39 2021

Packages were changed.
Update Mode: updateDependencies

The following packages were updated:
  com.unity.ads from version 2.0.8 to 3.7.1
  com.unity.analytics from version 3.3.5 to 3.5.3
  com.unity.collab-proxy from version 1.2.16 to 1.5.7
  com.unity.ide.rider from version 1.1.4 to 2.0.7
  com.unity.ide.visualstudio from version 1.0.11 to 2.0.8
  com.unity.ide.vscode from version 1.1.4 to 1.2.3
  com.unity.postprocessing from version 2.2.2 to 2.3.0
  com.unity.purchasing from version 2.0.6 to 3.1.0
  com.unity.render-pipelines.lightweight from version 7.1.8 to 10.5.0
  com.unity.textmeshpro from version 2.0.1 to 3.0.6
  com.unity.timeline from version 1.2.6 to 1.4.8
  com.unity.xr.legacyinputhelpers from version 2.0.2 to 2.1.7
